14:13:38.903 [http-nio-8080-exec-4] INFO  mvc.controller.EmpleadoServlet - [doPost] - El Dni es válido
14:13:40.122 [http-nio-8080-exec-4] DEBUG o.m.jdbc.client.impl.StandardClient - [debug] - execute query: SELECT * FROM EMPLEADOS WHERE DNI = ?
14:13:40.182 [http-nio-8080-exec-4] DEBUG o.m.jdbc.client.impl.StandardClient - [debug] - execute query: SELECT SUELDO FROM NOMINAS WHERE DNI = ?
14:13:40.190 [http-nio-8080-exec-4] WARN  o.m.jdbc.message.server.ErrorPacket - [warn] - Error: 1054-42S22: Unknown column 'DNI' in 'where clause'
14:13:40.191 [http-nio-8080-exec-4] ERROR mvc.controller.EmpleadoServlet - [obtenerSalario] - No se ha podido obtener el salario del empleado
java.sql.SQLSyntaxErrorException: (conn=295) Unknown column 'DNI' in 'where clause'
	at org.mariadb.jdbc.export.ExceptionFactory.createException(ExceptionFactory.java:282)
	at org.mariadb.jdbc.export.ExceptionFactory.create(ExceptionFactory.java:370)
	at org.mariadb.jdbc.message.ClientMessage.readPacket(ClientMessage.java:134)
	at org.mariadb.jdbc.client.impl.StandardClient.readPacket(StandardClient.java:855)
	at org.mariadb.jdbc.client.impl.StandardClient.readResults(StandardClient.java:794)
	at org.mariadb.jdbc.client.impl.StandardClient.readResponse(StandardClient.java:713)
	at org.mariadb.jdbc.client.impl.StandardClient.execute(StandardClient.java:637)
	at org.mariadb.jdbc.ClientPreparedStatement.executeInternal(ClientPreparedStatement.java:95)
	at org.mariadb.jdbc.ClientPreparedStatement.executeQuery(ClientPreparedStatement.java:288)
	at org.apache.tomcat.dbcp.dbcp2.DelegatingPreparedStatement.executeQuery(DelegatingPreparedStatement.java:123)
	at org.apache.tomcat.dbcp.dbcp2.DelegatingPreparedStatement.executeQuery(DelegatingPreparedStatement.java:123)
	at mvc.dao.EmpleadoDAO.obtenerSalario(EmpleadoDAO.java:111)
	at mvc.dao.EmpleadoDAO.obtenerEmpleadoPorDni(EmpleadoDAO.java:87)
	at mvc.controller.EmpleadoServlet.doPost(EmpleadoServlet.java:108)
	at javax.servlet.http.HttpServlet.service(HttpServlet.java:555)
	at javax.servlet.http.HttpServlet.service(HttpServlet.java:623)
	at org.apache.catalina.core.ApplicationFilterChain.internalDoFilter(ApplicationFilterChain.java:209)
	at org.apache.catalina.core.ApplicationFilterChain.doFilter(ApplicationFilterChain.java:153)
	at org.apache.tomcat.websocket.server.WsFilter.doFilter(WsFilter.java:51)
	at org.apache.catalina.core.ApplicationFilterChain.internalDoFilter(ApplicationFilterChain.java:178)
	at org.apache.catalina.core.ApplicationFilterChain.doFilter(ApplicationFilterChain.java:153)
	at org.apache.catalina.core.StandardWrapperValve.invoke(StandardWrapperValve.java:168)
	at org.apache.catalina.core.StandardContextValve.invoke(StandardContextValve.java:90)
	at org.apache.catalina.authenticator.AuthenticatorBase.invoke(AuthenticatorBase.java:481)
	at org.apache.catalina.core.StandardHostValve.invoke(StandardHostValve.java:130)
	at org.apache.catalina.valves.ErrorReportValve.invoke(ErrorReportValve.java:93)
	at org.apache.catalina.valves.AbstractAccessLogValve.invoke(AbstractAccessLogValve.java:670)
	at org.apache.catalina.core.StandardEngineValve.invoke(StandardEngineValve.java:74)
	at org.apache.catalina.connector.CoyoteAdapter.service(CoyoteAdapter.java:342)
	at org.apache.coyote.http11.Http11Processor.service(Http11Processor.java:390)
	at org.apache.coyote.AbstractProcessorLight.process(AbstractProcessorLight.java:63)
	at org.apache.coyote.AbstractProtocol$ConnectionHandler.process(AbstractProtocol.java:928)
	at org.apache.tomcat.util.net.NioEndpoint$SocketProcessor.doRun(NioEndpoint.java:1794)
	at org.apache.tomcat.util.net.SocketProcessorBase.run(SocketProcessorBase.java:52)
	at org.apache.tomcat.util.threads.ThreadPoolExecutor.runWorker(ThreadPoolExecutor.java:1191)
	at org.apache.tomcat.util.threads.ThreadPoolExecutor$Worker.run(ThreadPoolExecutor.java:659)
	at org.apache.tomcat.util.threads.TaskThread$WrappingRunnable.run(TaskThread.java:61)
	at java.base/java.lang.Thread.run(Thread.java:833)
14:14:54.463 [http-nio-8080-exec-2] DEBUG o.m.jdbc.client.impl.StandardClient - [debug] - execute query: SELECT * FROM EMPLEADOS WHERE DNI = ?
