10:52:08.907 [http-nio-8080-exec-12] INFO  mvc.controller.EmpleadoServlet - [doPost] - El Dni es válido
10:52:10.068 [http-nio-8080-exec-12] DEBUG o.m.jdbc.client.impl.StandardClient - [debug] - execute query: SELECT * FROM EMPLEADOS WHERE DNI = ?
10:52:10.181 [http-nio-8080-exec-12] DEBUG o.m.jdbc.client.impl.StandardClient - [debug] - execute query: SELECT SUELDO FROM NOMINAS WHERE DNI = ?
10:52:10.195 [http-nio-8080-exec-12] WARN  o.m.jdbc.message.server.ErrorPacket - [warn] - Error: 1054-42S22: Unknown column 'DNI' in 'where clause'
10:52:10.196 [http-nio-8080-exec-12] ERROR mvc.controller.EmpleadoServlet - [obtenerSalario] - No se ha podido obtener el salario del empleado
java.sql.SQLSyntaxErrorException: (conn=22) Unknown column 'DNI' in 'where clause'
	at org.mariadb.jdbc.export.ExceptionFactory.createException(ExceptionFactory.java:282)
	at org.mariadb.jdbc.export.ExceptionFactory.create(ExceptionFactory.java:370)
	at org.mariadb.jdbc.message.ClientMessage.readPacket(ClientMessage.java:134)
	at org.mariadb.jdbc.client.impl.StandardClient.readPacket(StandardClient.java:855)
	at org.mariadb.jdbc.client.impl.StandardClient.readResults(StandardClient.java:794)
	at org.mariadb.jdbc.client.impl.StandardClient.readResponse(StandardClient.java:713)
	at org.mariadb.jdbc.client.impl.StandardClient.execute(StandardClient.java:637)
	at org.mariadb.jdbc.ClientPreparedStatement.executeInternal(ClientPreparedStatement.java:95)
	at org.mariadb.jdbc.ClientPreparedStatement.executeQuery(ClientPreparedStatement.java:288)
	at org.apache.tomcat.dbcp.dbcp2.DelegatingPreparedStatement.executeQuery(DelegatingPreparedStatement.java:123)
	at org.apache.tomcat.dbcp.dbcp2.DelegatingPreparedStatement.executeQuery(DelegatingPreparedStatement.java:123)
	at mvc.dao.EmpleadoDAO.obtenerSalario(EmpleadoDAO.java:111)
	at mvc.dao.EmpleadoDAO.obtenerEmpleadoPorDni(EmpleadoDAO.java:87)
	at mvc.controller.EmpleadoServlet.doPost(EmpleadoServlet.java:107)
	at javax.servlet.http.HttpServlet.service(HttpServlet.java:555)
	at javax.servlet.http.HttpServlet.service(HttpServlet.java:623)
	at org.apache.catalina.core.ApplicationFilterChain.internalDoFilter(ApplicationFilterChain.java:209)
	at org.apache.catalina.core.ApplicationFilterChain.doFilter(ApplicationFilterChain.java:153)
	at org.apache.tomcat.websocket.server.WsFilter.doFilter(WsFilter.java:51)
	at org.apache.catalina.core.ApplicationFilterChain.internalDoFilter(ApplicationFilterChain.java:178)
	at org.apache.catalina.core.ApplicationFilterChain.doFilter(ApplicationFilterChain.java:153)
	at org.apache.catalina.core.StandardWrapperValve.invoke(StandardWrapperValve.java:168)
	at org.apache.catalina.core.StandardContextValve.invoke(StandardContextValve.java:90)
	at org.apache.catalina.authenticator.AuthenticatorBase.invoke(AuthenticatorBase.java:481)
	at org.apache.catalina.core.StandardHostValve.invoke(StandardHostValve.java:130)
	at org.apache.catalina.valves.ErrorReportValve.invoke(ErrorReportValve.java:93)
	at org.apache.catalina.valves.AbstractAccessLogValve.invoke(AbstractAccessLogValve.java:670)
	at org.apache.catalina.core.StandardEngineValve.invoke(StandardEngineValve.java:74)
	at org.apache.catalina.connector.CoyoteAdapter.service(CoyoteAdapter.java:342)
	at org.apache.coyote.http11.Http11Processor.service(Http11Processor.java:390)
	at org.apache.coyote.AbstractProcessorLight.process(AbstractProcessorLight.java:63)
	at org.apache.coyote.AbstractProtocol$ConnectionHandler.process(AbstractProtocol.java:928)
	at org.apache.tomcat.util.net.NioEndpoint$SocketProcessor.doRun(NioEndpoint.java:1794)
	at org.apache.tomcat.util.net.SocketProcessorBase.run(SocketProcessorBase.java:52)
	at org.apache.tomcat.util.threads.ThreadPoolExecutor.runWorker(ThreadPoolExecutor.java:1191)
	at org.apache.tomcat.util.threads.ThreadPoolExecutor$Worker.run(ThreadPoolExecutor.java:659)
	at org.apache.tomcat.util.threads.TaskThread$WrappingRunnable.run(TaskThread.java:61)
	at java.base/java.lang.Thread.run(Thread.java:833)
10:52:41.554 [http-nio-8080-exec-1] ERROR mvc.controller.EmpleadoServlet - [doPost] - El DNI no es válido
10:53:03.671 [http-nio-8080-exec-13] DEBUG o.m.jdbc.client.impl.StandardClient - [debug] - execute query: SELECT * FROM EMPLEADOS WHERE Nombre = ?
10:53:08.357 [http-nio-8080-exec-11] DEBUG o.m.jdbc.client.impl.StandardClient - [debug] - execute query: SELECT * FROM EMPLEADOS WHERE Categoria = ?
10:57:16.534 [http-nio-8080-exec-17] DEBUG o.m.jdbc.client.impl.StandardClient - [debug] - execute query: SELECT * FROM EMPLEADOS WHERE Categoria = ?
10:57:29.965 [http-nio-8080-exec-19] DEBUG o.m.jdbc.client.impl.StandardClient - [debug] - execute query: SELECT * FROM EMPLEADOS WHERE Nombre = ?
10:57:35.094 [http-nio-8080-exec-11] DEBUG o.m.jdbc.client.impl.StandardClient - [debug] - execute query: SELECT * FROM EMPLEADOS WHERE Nombre = ?
10:57:39.717 [http-nio-8080-exec-15] DEBUG o.m.jdbc.client.impl.StandardClient - [debug] - execute query: SELECT * FROM EMPLEADOS WHERE Nombre = ?
10:58:20.067 [http-nio-8080-exec-13] ERROR mvc.controller.EmpleadoServlet - [doPost] - El DNI no es válido
10:59:30.440 [http-nio-8080-exec-20] INFO  mvc.controller.EmpleadoServlet - [doPost] - El Dni es válido
10:59:30.441 [http-nio-8080-exec-20] DEBUG o.m.jdbc.client.impl.StandardClient - [debug] - execute query: SELECT * FROM EMPLEADOS WHERE DNI = ?
10:59:30.442 [http-nio-8080-exec-20] DEBUG o.m.jdbc.client.impl.StandardClient - [debug] - execute query: SELECT SUELDO FROM NOMINAS WHERE DNI = ?
10:59:30.442 [http-nio-8080-exec-20] WARN  o.m.jdbc.message.server.ErrorPacket - [warn] - Error: 1054-42S22: Unknown column 'DNI' in 'where clause'
10:59:30.442 [http-nio-8080-exec-20] ERROR mvc.controller.EmpleadoServlet - [obtenerSalario] - No se ha podido obtener el salario del empleado
java.sql.SQLSyntaxErrorException: (conn=17) Unknown column 'DNI' in 'where clause'
	at org.mariadb.jdbc.export.ExceptionFactory.createException(ExceptionFactory.java:282)
	at org.mariadb.jdbc.export.ExceptionFactory.create(ExceptionFactory.java:370)
	at org.mariadb.jdbc.message.ClientMessage.readPacket(ClientMessage.java:134)
	at org.mariadb.jdbc.client.impl.StandardClient.readPacket(StandardClient.java:855)
	at org.mariadb.jdbc.client.impl.StandardClient.readResults(StandardClient.java:794)
	at org.mariadb.jdbc.client.impl.StandardClient.readResponse(StandardClient.java:713)
	at org.mariadb.jdbc.client.impl.StandardClient.execute(StandardClient.java:637)
	at org.mariadb.jdbc.ClientPreparedStatement.executeInternal(ClientPreparedStatement.java:95)
	at org.mariadb.jdbc.ClientPreparedStatement.executeQuery(ClientPreparedStatement.java:288)
	at org.apache.tomcat.dbcp.dbcp2.DelegatingPreparedStatement.executeQuery(DelegatingPreparedStatement.java:123)
	at org.apache.tomcat.dbcp.dbcp2.DelegatingPreparedStatement.executeQuery(DelegatingPreparedStatement.java:123)
	at mvc.dao.EmpleadoDAO.obtenerSalario(EmpleadoDAO.java:111)
	at mvc.dao.EmpleadoDAO.obtenerEmpleadoPorDni(EmpleadoDAO.java:87)
	at mvc.controller.EmpleadoServlet.doPost(EmpleadoServlet.java:107)
	at javax.servlet.http.HttpServlet.service(HttpServlet.java:555)
	at javax.servlet.http.HttpServlet.service(HttpServlet.java:623)
	at org.apache.catalina.core.ApplicationFilterChain.internalDoFilter(ApplicationFilterChain.java:209)
	at org.apache.catalina.core.ApplicationFilterChain.doFilter(ApplicationFilterChain.java:153)
	at org.apache.tomcat.websocket.server.WsFilter.doFilter(WsFilter.java:51)
	at org.apache.catalina.core.ApplicationFilterChain.internalDoFilter(ApplicationFilterChain.java:178)
	at org.apache.catalina.core.ApplicationFilterChain.doFilter(ApplicationFilterChain.java:153)
	at org.apache.catalina.core.StandardWrapperValve.invoke(StandardWrapperValve.java:168)
	at org.apache.catalina.core.StandardContextValve.invoke(StandardContextValve.java:90)
	at org.apache.catalina.authenticator.AuthenticatorBase.invoke(AuthenticatorBase.java:481)
	at org.apache.catalina.core.StandardHostValve.invoke(StandardHostValve.java:130)
	at org.apache.catalina.valves.ErrorReportValve.invoke(ErrorReportValve.java:93)
	at org.apache.catalina.valves.AbstractAccessLogValve.invoke(AbstractAccessLogValve.java:670)
	at org.apache.catalina.core.StandardEngineValve.invoke(StandardEngineValve.java:74)
	at org.apache.catalina.connector.CoyoteAdapter.service(CoyoteAdapter.java:342)
	at org.apache.coyote.http11.Http11Processor.service(Http11Processor.java:390)
	at org.apache.coyote.AbstractProcessorLight.process(AbstractProcessorLight.java:63)
	at org.apache.coyote.AbstractProtocol$ConnectionHandler.process(AbstractProtocol.java:928)
	at org.apache.tomcat.util.net.NioEndpoint$SocketProcessor.doRun(NioEndpoint.java:1794)
	at org.apache.tomcat.util.net.SocketProcessorBase.run(SocketProcessorBase.java:52)
	at org.apache.tomcat.util.threads.ThreadPoolExecutor.runWorker(ThreadPoolExecutor.java:1191)
	at org.apache.tomcat.util.threads.ThreadPoolExecutor$Worker.run(ThreadPoolExecutor.java:659)
	at org.apache.tomcat.util.threads.TaskThread$WrappingRunnable.run(TaskThread.java:61)
	at java.base/java.lang.Thread.run(Thread.java:833)
11:00:18.829 [http-nio-8080-exec-19] INFO  mvc.controller.EmpleadoServlet - [doPost] - El Dni es válido
11:00:18.830 [http-nio-8080-exec-19] DEBUG o.m.jdbc.client.impl.StandardClient - [debug] - execute query: SELECT * FROM EMPLEADOS WHERE DNI = ?
11:00:18.830 [http-nio-8080-exec-19] DEBUG o.m.jdbc.client.impl.StandardClient - [debug] - execute query: SELECT SUELDO FROM NOMINAS WHERE DNI = ?
11:00:18.831 [http-nio-8080-exec-19] WARN  o.m.jdbc.message.server.ErrorPacket - [warn] - Error: 1054-42S22: Unknown column 'DNI' in 'where clause'
11:00:18.831 [http-nio-8080-exec-19] ERROR mvc.controller.EmpleadoServlet - [obtenerSalario] - No se ha podido obtener el salario del empleado
java.sql.SQLSyntaxErrorException: (conn=16) Unknown column 'DNI' in 'where clause'
	at org.mariadb.jdbc.export.ExceptionFactory.createException(ExceptionFactory.java:282)
	at org.mariadb.jdbc.export.ExceptionFactory.create(ExceptionFactory.java:370)
	at org.mariadb.jdbc.message.ClientMessage.readPacket(ClientMessage.java:134)
	at org.mariadb.jdbc.client.impl.StandardClient.readPacket(StandardClient.java:855)
	at org.mariadb.jdbc.client.impl.StandardClient.readResults(StandardClient.java:794)
	at org.mariadb.jdbc.client.impl.StandardClient.readResponse(StandardClient.java:713)
	at org.mariadb.jdbc.client.impl.StandardClient.execute(StandardClient.java:637)
	at org.mariadb.jdbc.ClientPreparedStatement.executeInternal(ClientPreparedStatement.java:95)
	at org.mariadb.jdbc.ClientPreparedStatement.executeQuery(ClientPreparedStatement.java:288)
	at org.apache.tomcat.dbcp.dbcp2.DelegatingPreparedStatement.executeQuery(DelegatingPreparedStatement.java:123)
	at org.apache.tomcat.dbcp.dbcp2.DelegatingPreparedStatement.executeQuery(DelegatingPreparedStatement.java:123)
	at mvc.dao.EmpleadoDAO.obtenerSalario(EmpleadoDAO.java:111)
	at mvc.dao.EmpleadoDAO.obtenerEmpleadoPorDni(EmpleadoDAO.java:87)
	at mvc.controller.EmpleadoServlet.doPost(EmpleadoServlet.java:107)
	at javax.servlet.http.HttpServlet.service(HttpServlet.java:555)
	at javax.servlet.http.HttpServlet.service(HttpServlet.java:623)
	at org.apache.catalina.core.ApplicationFilterChain.internalDoFilter(ApplicationFilterChain.java:209)
	at org.apache.catalina.core.ApplicationFilterChain.doFilter(ApplicationFilterChain.java:153)
	at org.apache.tomcat.websocket.server.WsFilter.doFilter(WsFilter.java:51)
	at org.apache.catalina.core.ApplicationFilterChain.internalDoFilter(ApplicationFilterChain.java:178)
	at org.apache.catalina.core.ApplicationFilterChain.doFilter(ApplicationFilterChain.java:153)
	at org.apache.catalina.core.StandardWrapperValve.invoke(StandardWrapperValve.java:168)
	at org.apache.catalina.core.StandardContextValve.invoke(StandardContextValve.java:90)
	at org.apache.catalina.authenticator.AuthenticatorBase.invoke(AuthenticatorBase.java:481)
	at org.apache.catalina.core.StandardHostValve.invoke(StandardHostValve.java:130)
	at org.apache.catalina.valves.ErrorReportValve.invoke(ErrorReportValve.java:93)
	at org.apache.catalina.valves.AbstractAccessLogValve.invoke(AbstractAccessLogValve.java:670)
	at org.apache.catalina.core.StandardEngineValve.invoke(StandardEngineValve.java:74)
	at org.apache.catalina.connector.CoyoteAdapter.service(CoyoteAdapter.java:342)
	at org.apache.coyote.http11.Http11Processor.service(Http11Processor.java:390)
	at org.apache.coyote.AbstractProcessorLight.process(AbstractProcessorLight.java:63)
	at org.apache.coyote.AbstractProtocol$ConnectionHandler.process(AbstractProtocol.java:928)
	at org.apache.tomcat.util.net.NioEndpoint$SocketProcessor.doRun(NioEndpoint.java:1794)
	at org.apache.tomcat.util.net.SocketProcessorBase.run(SocketProcessorBase.java:52)
	at org.apache.tomcat.util.threads.ThreadPoolExecutor.runWorker(ThreadPoolExecutor.java:1191)
	at org.apache.tomcat.util.threads.ThreadPoolExecutor$Worker.run(ThreadPoolExecutor.java:659)
	at org.apache.tomcat.util.threads.TaskThread$WrappingRunnable.run(TaskThread.java:61)
	at java.base/java.lang.Thread.run(Thread.java:833)
11:01:45.791 [http-nio-8080-exec-16] INFO  mvc.controller.EmpleadoServlet - [doPost] - El Dni es válido
11:01:45.791 [http-nio-8080-exec-16] DEBUG o.m.jdbc.client.impl.StandardClient - [debug] - execute query: SELECT * FROM EMPLEADOS WHERE DNI = ?
11:01:45.792 [http-nio-8080-exec-16] DEBUG o.m.jdbc.client.impl.StandardClient - [debug] - execute query: SELECT SUELDO FROM NOMINAS WHERE DNI = ?
11:01:45.793 [http-nio-8080-exec-16] WARN  o.m.jdbc.message.server.ErrorPacket - [warn] - Error: 1054-42S22: Unknown column 'DNI' in 'where clause'
11:01:45.793 [http-nio-8080-exec-16] ERROR mvc.controller.EmpleadoServlet - [obtenerSalario] - No se ha podido obtener el salario del empleado
java.sql.SQLSyntaxErrorException: (conn=15) Unknown column 'DNI' in 'where clause'
	at org.mariadb.jdbc.export.ExceptionFactory.createException(ExceptionFactory.java:282)
	at org.mariadb.jdbc.export.ExceptionFactory.create(ExceptionFactory.java:370)
	at org.mariadb.jdbc.message.ClientMessage.readPacket(ClientMessage.java:134)
	at org.mariadb.jdbc.client.impl.StandardClient.readPacket(StandardClient.java:855)
	at org.mariadb.jdbc.client.impl.StandardClient.readResults(StandardClient.java:794)
	at org.mariadb.jdbc.client.impl.StandardClient.readResponse(StandardClient.java:713)
	at org.mariadb.jdbc.client.impl.StandardClient.execute(StandardClient.java:637)
	at org.mariadb.jdbc.ClientPreparedStatement.executeInternal(ClientPreparedStatement.java:95)
	at org.mariadb.jdbc.ClientPreparedStatement.executeQuery(ClientPreparedStatement.java:288)
	at org.apache.tomcat.dbcp.dbcp2.DelegatingPreparedStatement.executeQuery(DelegatingPreparedStatement.java:123)
	at org.apache.tomcat.dbcp.dbcp2.DelegatingPreparedStatement.executeQuery(DelegatingPreparedStatement.java:123)
	at mvc.dao.EmpleadoDAO.obtenerSalario(EmpleadoDAO.java:111)
	at mvc.dao.EmpleadoDAO.obtenerEmpleadoPorDni(EmpleadoDAO.java:87)
	at mvc.controller.EmpleadoServlet.doPost(EmpleadoServlet.java:107)
	at javax.servlet.http.HttpServlet.service(HttpServlet.java:555)
	at javax.servlet.http.HttpServlet.service(HttpServlet.java:623)
	at org.apache.catalina.core.ApplicationFilterChain.internalDoFilter(ApplicationFilterChain.java:209)
	at org.apache.catalina.core.ApplicationFilterChain.doFilter(ApplicationFilterChain.java:153)
	at org.apache.tomcat.websocket.server.WsFilter.doFilter(WsFilter.java:51)
	at org.apache.catalina.core.ApplicationFilterChain.internalDoFilter(ApplicationFilterChain.java:178)
	at org.apache.catalina.core.ApplicationFilterChain.doFilter(ApplicationFilterChain.java:153)
	at org.apache.catalina.core.StandardWrapperValve.invoke(StandardWrapperValve.java:168)
	at org.apache.catalina.core.StandardContextValve.invoke(StandardContextValve.java:90)
	at org.apache.catalina.authenticator.AuthenticatorBase.invoke(AuthenticatorBase.java:481)
	at org.apache.catalina.core.StandardHostValve.invoke(StandardHostValve.java:130)
	at org.apache.catalina.valves.ErrorReportValve.invoke(ErrorReportValve.java:93)
	at org.apache.catalina.valves.AbstractAccessLogValve.invoke(AbstractAccessLogValve.java:670)
	at org.apache.catalina.core.StandardEngineValve.invoke(StandardEngineValve.java:74)
	at org.apache.catalina.connector.CoyoteAdapter.service(CoyoteAdapter.java:342)
	at org.apache.coyote.http11.Http11Processor.service(Http11Processor.java:390)
	at org.apache.coyote.AbstractProcessorLight.process(AbstractProcessorLight.java:63)
	at org.apache.coyote.AbstractProtocol$ConnectionHandler.process(AbstractProtocol.java:928)
	at org.apache.tomcat.util.net.NioEndpoint$SocketProcessor.doRun(NioEndpoint.java:1794)
	at org.apache.tomcat.util.net.SocketProcessorBase.run(SocketProcessorBase.java:52)
	at org.apache.tomcat.util.threads.ThreadPoolExecutor.runWorker(ThreadPoolExecutor.java:1191)
	at org.apache.tomcat.util.threads.ThreadPoolExecutor$Worker.run(ThreadPoolExecutor.java:659)
	at org.apache.tomcat.util.threads.TaskThread$WrappingRunnable.run(TaskThread.java:61)
	at java.base/java.lang.Thread.run(Thread.java:833)
11:01:59.153 [http-nio-8080-exec-18] INFO  mvc.controller.EmpleadoServlet - [doPost] - El Dni es válido
11:01:59.153 [http-nio-8080-exec-18] DEBUG o.m.jdbc.client.impl.StandardClient - [debug] - execute query: SELECT * FROM EMPLEADOS WHERE DNI = ?
11:01:59.154 [http-nio-8080-exec-18] DEBUG o.m.jdbc.client.impl.StandardClient - [debug] - execute query: SELECT SUELDO FROM NOMINAS WHERE DNI = ?
11:01:59.155 [http-nio-8080-exec-18] WARN  o.m.jdbc.message.server.ErrorPacket - [warn] - Error: 1054-42S22: Unknown column 'DNI' in 'where clause'
11:01:59.155 [http-nio-8080-exec-18] ERROR mvc.controller.EmpleadoServlet - [obtenerSalario] - No se ha podido obtener el salario del empleado
java.sql.SQLSyntaxErrorException: (conn=14) Unknown column 'DNI' in 'where clause'
	at org.mariadb.jdbc.export.ExceptionFactory.createException(ExceptionFactory.java:282)
	at org.mariadb.jdbc.export.ExceptionFactory.create(ExceptionFactory.java:370)
	at org.mariadb.jdbc.message.ClientMessage.readPacket(ClientMessage.java:134)
	at org.mariadb.jdbc.client.impl.StandardClient.readPacket(StandardClient.java:855)
	at org.mariadb.jdbc.client.impl.StandardClient.readResults(StandardClient.java:794)
	at org.mariadb.jdbc.client.impl.StandardClient.readResponse(StandardClient.java:713)
	at org.mariadb.jdbc.client.impl.StandardClient.execute(StandardClient.java:637)
	at org.mariadb.jdbc.ClientPreparedStatement.executeInternal(ClientPreparedStatement.java:95)
	at org.mariadb.jdbc.ClientPreparedStatement.executeQuery(ClientPreparedStatement.java:288)
	at org.apache.tomcat.dbcp.dbcp2.DelegatingPreparedStatement.executeQuery(DelegatingPreparedStatement.java:123)
	at org.apache.tomcat.dbcp.dbcp2.DelegatingPreparedStatement.executeQuery(DelegatingPreparedStatement.java:123)
	at mvc.dao.EmpleadoDAO.obtenerSalario(EmpleadoDAO.java:111)
	at mvc.dao.EmpleadoDAO.obtenerEmpleadoPorDni(EmpleadoDAO.java:87)
	at mvc.controller.EmpleadoServlet.doPost(EmpleadoServlet.java:107)
	at javax.servlet.http.HttpServlet.service(HttpServlet.java:555)
	at javax.servlet.http.HttpServlet.service(HttpServlet.java:623)
	at org.apache.catalina.core.ApplicationFilterChain.internalDoFilter(ApplicationFilterChain.java:209)
	at org.apache.catalina.core.ApplicationFilterChain.doFilter(ApplicationFilterChain.java:153)
	at org.apache.tomcat.websocket.server.WsFilter.doFilter(WsFilter.java:51)
	at org.apache.catalina.core.ApplicationFilterChain.internalDoFilter(ApplicationFilterChain.java:178)
	at org.apache.catalina.core.ApplicationFilterChain.doFilter(ApplicationFilterChain.java:153)
	at org.apache.catalina.core.StandardWrapperValve.invoke(StandardWrapperValve.java:168)
	at org.apache.catalina.core.StandardContextValve.invoke(StandardContextValve.java:90)
	at org.apache.catalina.authenticator.AuthenticatorBase.invoke(AuthenticatorBase.java:481)
	at org.apache.catalina.core.StandardHostValve.invoke(StandardHostValve.java:130)
	at org.apache.catalina.valves.ErrorReportValve.invoke(ErrorReportValve.java:93)
	at org.apache.catalina.valves.AbstractAccessLogValve.invoke(AbstractAccessLogValve.java:670)
	at org.apache.catalina.core.StandardEngineValve.invoke(StandardEngineValve.java:74)
	at org.apache.catalina.connector.CoyoteAdapter.service(CoyoteAdapter.java:342)
	at org.apache.coyote.http11.Http11Processor.service(Http11Processor.java:390)
	at org.apache.coyote.AbstractProcessorLight.process(AbstractProcessorLight.java:63)
	at org.apache.coyote.AbstractProtocol$ConnectionHandler.process(AbstractProtocol.java:928)
	at org.apache.tomcat.util.net.NioEndpoint$SocketProcessor.doRun(NioEndpoint.java:1794)
	at org.apache.tomcat.util.net.SocketProcessorBase.run(SocketProcessorBase.java:52)
	at org.apache.tomcat.util.threads.ThreadPoolExecutor.runWorker(ThreadPoolExecutor.java:1191)
	at org.apache.tomcat.util.threads.ThreadPoolExecutor$Worker.run(ThreadPoolExecutor.java:659)
	at org.apache.tomcat.util.threads.TaskThread$WrappingRunnable.run(TaskThread.java:61)
	at java.base/java.lang.Thread.run(Thread.java:833)
11:04:27.957 [http-nio-8080-exec-14] INFO  mvc.controller.EmpleadoServlet - [doPost] - El Dni es válido
11:04:27.958 [http-nio-8080-exec-14] DEBUG o.m.jdbc.client.impl.StandardClient - [debug] - execute query: SELECT * FROM EMPLEADOS WHERE DNI = ?
11:04:27.959 [http-nio-8080-exec-14] DEBUG o.m.jdbc.client.impl.StandardClient - [debug] - execute query: SELECT SUELDO FROM NOMINAS WHERE DNI = ?
11:04:27.959 [http-nio-8080-exec-14] WARN  o.m.jdbc.message.server.ErrorPacket - [warn] - Error: 1054-42S22: Unknown column 'DNI' in 'where clause'
11:04:27.960 [http-nio-8080-exec-14] ERROR mvc.controller.EmpleadoServlet - [obtenerSalario] - No se ha podido obtener el salario del empleado
java.sql.SQLSyntaxErrorException: (conn=13) Unknown column 'DNI' in 'where clause'
	at org.mariadb.jdbc.export.ExceptionFactory.createException(ExceptionFactory.java:282)
	at org.mariadb.jdbc.export.ExceptionFactory.create(ExceptionFactory.java:370)
	at org.mariadb.jdbc.message.ClientMessage.readPacket(ClientMessage.java:134)
	at org.mariadb.jdbc.client.impl.StandardClient.readPacket(StandardClient.java:855)
	at org.mariadb.jdbc.client.impl.StandardClient.readResults(StandardClient.java:794)
	at org.mariadb.jdbc.client.impl.StandardClient.readResponse(StandardClient.java:713)
	at org.mariadb.jdbc.client.impl.StandardClient.execute(StandardClient.java:637)
	at org.mariadb.jdbc.ClientPreparedStatement.executeInternal(ClientPreparedStatement.java:95)
	at org.mariadb.jdbc.ClientPreparedStatement.executeQuery(ClientPreparedStatement.java:288)
	at org.apache.tomcat.dbcp.dbcp2.DelegatingPreparedStatement.executeQuery(DelegatingPreparedStatement.java:123)
	at org.apache.tomcat.dbcp.dbcp2.DelegatingPreparedStatement.executeQuery(DelegatingPreparedStatement.java:123)
	at mvc.dao.EmpleadoDAO.obtenerSalario(EmpleadoDAO.java:111)
	at mvc.dao.EmpleadoDAO.obtenerEmpleadoPorDni(EmpleadoDAO.java:87)
	at mvc.controller.EmpleadoServlet.doPost(EmpleadoServlet.java:107)
	at javax.servlet.http.HttpServlet.service(HttpServlet.java:555)
	at javax.servlet.http.HttpServlet.service(HttpServlet.java:623)
	at org.apache.catalina.core.ApplicationFilterChain.internalDoFilter(ApplicationFilterChain.java:209)
	at org.apache.catalina.core.ApplicationFilterChain.doFilter(ApplicationFilterChain.java:153)
	at org.apache.tomcat.websocket.server.WsFilter.doFilter(WsFilter.java:51)
	at org.apache.catalina.core.ApplicationFilterChain.internalDoFilter(ApplicationFilterChain.java:178)
	at org.apache.catalina.core.ApplicationFilterChain.doFilter(ApplicationFilterChain.java:153)
	at org.apache.catalina.core.StandardWrapperValve.invoke(StandardWrapperValve.java:168)
	at org.apache.catalina.core.StandardContextValve.invoke(StandardContextValve.java:90)
	at org.apache.catalina.authenticator.AuthenticatorBase.invoke(AuthenticatorBase.java:481)
	at org.apache.catalina.core.StandardHostValve.invoke(StandardHostValve.java:130)
	at org.apache.catalina.valves.ErrorReportValve.invoke(ErrorReportValve.java:93)
	at org.apache.catalina.valves.AbstractAccessLogValve.invoke(AbstractAccessLogValve.java:670)
	at org.apache.catalina.core.StandardEngineValve.invoke(StandardEngineValve.java:74)
	at org.apache.catalina.connector.CoyoteAdapter.service(CoyoteAdapter.java:342)
	at org.apache.coyote.http11.Http11Processor.service(Http11Processor.java:390)
	at org.apache.coyote.AbstractProcessorLight.process(AbstractProcessorLight.java:63)
	at org.apache.coyote.AbstractProtocol$ConnectionHandler.process(AbstractProtocol.java:928)
	at org.apache.tomcat.util.net.NioEndpoint$SocketProcessor.doRun(NioEndpoint.java:1794)
	at org.apache.tomcat.util.net.SocketProcessorBase.run(SocketProcessorBase.java:52)
	at org.apache.tomcat.util.threads.ThreadPoolExecutor.runWorker(ThreadPoolExecutor.java:1191)
	at org.apache.tomcat.util.threads.ThreadPoolExecutor$Worker.run(ThreadPoolExecutor.java:659)
	at org.apache.tomcat.util.threads.TaskThread$WrappingRunnable.run(TaskThread.java:61)
	at java.base/java.lang.Thread.run(Thread.java:833)
11:09:36.152 [http-nio-8080-exec-7] DEBUG o.m.jdbc.client.impl.StandardClient - [debug] - execute query: SELECT * FROM EMPLEADOS WHERE DNI = ?
12:18:51.732 [http-nio-8080-exec-4] DEBUG o.m.jdbc.client.impl.StandardClient - [debug] - execute query: SELECT * FROM Empleados
12:30:30.881 [http-nio-8080-exec-2] DEBUG o.m.jdbc.client.impl.StandardClient - [debug] - execute query: SELECT * FROM Empleados
12:30:40.006 [http-nio-8080-exec-5] DEBUG o.m.jdbc.client.impl.StandardClient - [debug] - execute query: SELECT * FROM EMPLEADOS WHERE DNI = ?
12:54:02.358 [http-nio-8080-exec-4] DEBUG o.m.jdbc.client.impl.StandardClient - [debug] - execute query: SELECT * FROM EMPLEADOS WHERE Sexo = ?
12:57:17.441 [http-nio-8080-exec-3] DEBUG o.m.jdbc.client.impl.StandardClient - [debug] - execute query: SELECT * FROM EMPLEADOS WHERE Sexo = ?
12:58:59.525 [http-nio-8080-exec-3] DEBUG o.m.jdbc.client.impl.StandardClient - [debug] - execute query: SELECT * FROM EMPLEADOS WHERE Sexo = ?
13:08:38.353 [http-nio-8080-exec-1] DEBUG o.m.jdbc.client.impl.StandardClient - [debug] - execute query: SELECT * FROM EMPLEADOS WHERE Sexo = ?
13:11:22.715 [http-nio-8080-exec-3] DEBUG o.m.jdbc.client.impl.StandardClient - [debug] - execute query: SELECT * FROM EMPLEADOS WHERE Sexo = ?
